<?xml version='1.0' encoding='UTF-8'?>
<testsuite hostname="MacBook-Air" name="LambdaTest" tests="6" errors="0" failures="0" skipped="0" time="0.098" timestamp="2021-11-04T11:27:26">
          <properties>
[...]
</properties>
          <testcase classname="LambdaTest" name="AWS Lambda and search functionality should Correctly find the timestamp at the middle of a given file (technically string)" time="0.066">
                      
                    </testcase><testcase classname="LambdaTest" name="AWS Lambda and search functionality should Correctly comparing two string timestamps" time="0.002">
                      
                    </testcase><testcase classname="LambdaTest" name="AWS Lambda and search functionality should Correctly create a new timestamp by adding a duration in the format hh:mm:ss:ms to a timestamp" time="0.007">
                      
                    </testcase><testcase classname="LambdaTest" name="AWS Lambda and search functionality should Correctly check if a timestamp is within the search bounds" time="0.002">
                      
                    </testcase><testcase classname="LambdaTest" name="AWS Lambda and search functionality should Correctly run binary search for exact timestamps" time="0.012">
                      
                    </testcase><testcase classname="LambdaTest" name="AWS Lambda and search functionality should Correctly run binary search for timestamps within duration" time="0.009">
                      
                    </testcase>
          <system-out><![CDATA[]]></system-out>
          <system-err><![CDATA[]]></system-err>
        </testsuite>